<?xml version="1.0" encoding="UTF-8"?>
<testsuite xmlns:xsi="http://www.w3.org/2001/XMLSchema-instance" xsi:noNamespaceSchemaLocation="https://maven.apache.org/surefire/maven-surefire-plugin/xsd/surefire-test-report-3.0.xsd" version="3.0" name="com.mychatapp.abusemasker.SpringBootAbuseMaskerApplicationTests" time="2.54" tests="1" errors="0" skipped="0" failures="0">
  <properties>
    <property name="java.specification.version" value="17"/>
    <property name="sun.jnu.encoding" value="UTF-8"/>
    <property name="java.class.path" value="/home/madhubabukukkuluri/Downloads/abuse-masker/target/test-classes:/home/madhubabukukkuluri/Downloads/abuse-masker/target/classes:/home/madhubabukukkuluri/.m2/repository/org/springframework/boot/spring-boot-starter-websocket/3.1.11/spring-boot-starter-websocket-3.1.11.jar:/home/madhubabukukkuluri/.m2/repository/org/springframework/boot/spring-boot-starter-web/3.1.11/spring-boot-starter-web-3.1.11.jar:/home/madhubabukukkuluri/.m2/repository/org/springframework/boot/spring-boot-starter-json/3.1.11/spring-boot-starter-json-3.1.11.jar:/home/madhubabukukkuluri/.m2/repository/com/fasterxml/jackson/core/jackson-databind/2.15.4/jackson-databind-2.15.4.jar:/home/madhubabukukkuluri/.m2/repository/com/fasterxml/jackson/core/jackson-annotations/2.15.4/jackson-annotations-2.15.4.jar:/home/madhubabukukkuluri/.m2/repository/com/fasterxml/jackson/core/jackson-core/2.15.4/jackson-core-2.15.4.jar:/home/madhubabukukkuluri/.m2/repository/com/fasterxml/jackson/datatype/jackson-datatype-jdk8/2.15.4/jackson-datatype-jdk8-2.15.4.jar:/home/madhubabukukkuluri/.m2/repository/com/fasterxml/jackson/datatype/jackson-datatype-jsr310/2.15.4/jackson-datatype-jsr310-2.15.4.jar:/home/madhubabukukkuluri/.m2/repository/com/fasterxml/jackson/module/jackson-module-parameter-names/2.15.4/jackson-module-parameter-names-2.15.4.jar:/home/madhubabukukkuluri/.m2/repository/org/springframework/boot/spring-boot-starter-tomcat/3.1.11/spring-boot-starter-tomcat-3.1.11.jar:/home/madhubabukukkuluri/.m2/repository/org/apache/tomcat/embed/tomcat-embed-core/10.1.20/tomcat-embed-core-10.1.20.jar:/home/madhubabukukkuluri/.m2/repository/org/apache/tomcat/embed/tomcat-embed-el/10.1.20/tomcat-embed-el-10.1.20.jar:/home/madhubabukukkuluri/.m2/repository/org/apache/tomcat/embed/tomcat-embed-websocket/10.1.20/tomcat-embed-websocket-10.1.20.jar:/home/madhubabukukkuluri/.m2/repository/org/springframework/spring-web/6.0.19/spring-web-6.0.19.jar:/home/madhubabukukkuluri/.m2/repository/io/micrometer/micrometer-observation/1.11.11/micrometer-observation-1.11.11.jar:/home/madhubabukukkuluri/.m2/repository/io/micrometer/micrometer-commons/1.11.11/micrometer-commons-1.11.11.jar:/home/madhubabukukkuluri/.m2/repository/org/springframework/spring-webmvc/6.0.19/spring-webmvc-6.0.19.jar:/home/madhubabukukkuluri/.m2/repository/org/springframework/spring-aop/6.0.19/spring-aop-6.0.19.jar:/home/madhubabukukkuluri/.m2/repository/org/springframework/spring-expression/6.0.19/spring-expression-6.0.19.jar:/home/madhubabukukkuluri/.m2/repository/org/springframework/spring-messaging/6.0.19/spring-messaging-6.0.19.jar:/home/madhubabukukkuluri/.m2/repository/org/springframework/spring-beans/6.0.19/spring-beans-6.0.19.jar:/home/madhubabukukkuluri/.m2/repository/org/springframework/spring-websocket/6.0.19/spring-websocket-6.0.19.jar:/home/madhubabukukkuluri/.m2/repository/org/springframework/spring-context/6.0.19/spring-context-6.0.19.jar:/home/madhubabukukkuluri/.m2/repository/org/springframework/boot/spring-boot-starter-reactor-netty/3.1.11/spring-boot-starter-reactor-netty-3.1.11.jar:/home/madhubabukukkuluri/.m2/repository/io/projectreactor/netty/reactor-netty-http/1.1.18/reactor-netty-http-1.1.18.jar:/home/madhubabukukkuluri/.m2/repository/io/netty/netty-codec-http/4.1.109.Final/netty-codec-http-4.1.109.Final.jar:/home/madhubabukukkuluri/.m2/repository/io/netty/netty-common/4.1.109.Final/netty-common-4.1.109.Final.jar:/home/madhubabukukkuluri/.m2/repository/io/netty/netty-buffer/4.1.109.Final/netty-buffer-4.1.109.Final.jar:/home/madhubabukukkuluri/.m2/repository/io/netty/netty-transport/4.1.109.Final/netty-transport-4.1.109.Final.jar:/home/madhubabukukkuluri/.m2/repository/io/netty/netty-codec/4.1.109.Final/netty-codec-4.1.109.Final.jar:/home/madhubabukukkuluri/.m2/repository/io/netty/netty-handler/4.1.109.Final/netty-handler-4.1.109.Final.jar:/home/madhubabukukkuluri/.m2/repository/io/netty/netty-codec-http2/4.1.109.Final/netty-codec-http2-4.1.109.Final.jar:/home/madhubabukukkuluri/.m2/repository/io/netty/netty-resolver-dns/4.1.109.Final/netty-resolver-dns-4.1.109.Final.jar:/home/madhubabukukkuluri/.m2/repository/io/netty/netty-resolver/4.1.109.Final/netty-resolver-4.1.109.Final.jar:/home/madhubabukukkuluri/.m2/repository/io/netty/netty-codec-dns/4.1.109.Final/netty-codec-dns-4.1.109.Final.jar:/home/madhubabukukkuluri/.m2/repository/io/netty/netty-resolver-dns-native-macos/4.1.109.Final/netty-resolver-dns-native-macos-4.1.109.Final-osx-x86_64.jar:/home/madhubabukukkuluri/.m2/repository/io/netty/netty-resolver-dns-classes-macos/4.1.109.Final/netty-resolver-dns-classes-macos-4.1.109.Final.jar:/home/madhubabukukkuluri/.m2/repository/io/netty/netty-transport-native-epoll/4.1.109.Final/netty-transport-native-epoll-4.1.109.Final-linux-x86_64.jar:/home/madhubabukukkuluri/.m2/repository/io/netty/netty-transport-native-unix-common/4.1.109.Final/netty-transport-native-unix-common-4.1.109.Final.jar:/home/madhubabukukkuluri/.m2/repository/io/netty/netty-transport-classes-epoll/4.1.109.Final/netty-transport-classes-epoll-4.1.109.Final.jar:/home/madhubabukukkuluri/.m2/repository/io/projectreactor/netty/reactor-netty-core/1.1.18/reactor-netty-core-1.1.18.jar:/home/madhubabukukkuluri/.m2/repository/io/netty/netty-handler-proxy/4.1.109.Final/netty-handler-proxy-4.1.109.Final.jar:/home/madhubabukukkuluri/.m2/repository/io/netty/netty-codec-socks/4.1.109.Final/netty-codec-socks-4.1.109.Final.jar:/home/madhubabukukkuluri/.m2/repository/io/projectreactor/reactor-core/3.5.16/reactor-core-3.5.16.jar:/home/madhubabukukkuluri/.m2/repository/org/reactivestreams/reactive-streams/1.0.4/reactive-streams-1.0.4.jar:/home/madhubabukukkuluri/.m2/repository/org/projectlombok/lombok/1.18.32/lombok-1.18.32.jar:/home/madhubabukukkuluri/.m2/repository/org/springframework/boot/spring-boot-starter-test/3.1.11/spring-boot-starter-test-3.1.11.jar:/home/madhubabukukkuluri/.m2/repository/org/springframework/boot/spring-boot-starter/3.1.11/spring-boot-starter-3.1.11.jar:/home/madhubabukukkuluri/.m2/repository/org/springframework/boot/spring-boot/3.1.11/spring-boot-3.1.11.jar:/home/madhubabukukkuluri/.m2/repository/org/springframework/boot/spring-boot-autoconfigure/3.1.11/spring-boot-autoconfigure-3.1.11.jar:/home/madhubabukukkuluri/.m2/repository/org/springframework/boot/spring-boot-starter-logging/3.1.11/spring-boot-starter-logging-3.1.11.jar:/home/madhubabukukkuluri/.m2/repository/ch/qos/logback/logback-classic/1.4.14/logback-classic-1.4.14.jar:/home/madhubabukukkuluri/.m2/repository/ch/qos/logback/logback-core/1.4.14/logback-core-1.4.14.jar:/home/madhubabukukkuluri/.m2/repository/org/apache/logging/log4j/log4j-to-slf4j/2.20.0/log4j-to-slf4j-2.20.0.jar:/home/madhubabukukkuluri/.m2/repository/org/apache/logging/log4j/log4j-api/2.20.0/log4j-api-2.20.0.jar:/home/madhubabukukkuluri/.m2/repository/org/slf4j/jul-to-slf4j/2.0.13/jul-to-slf4j-2.0.13.jar:/home/madhubabukukkuluri/.m2/repository/jakarta/annotation/jakarta.annotation-api/2.1.1/jakarta.annotation-api-2.1.1.jar:/home/madhubabukukkuluri/.m2/repository/org/yaml/snakeyaml/1.33/snakeyaml-1.33.jar:/home/madhubabukukkuluri/.m2/repository/org/springframework/boot/spring-boot-test/3.1.11/spring-boot-test-3.1.11.jar:/home/madhubabukukkuluri/.m2/repository/org/springframework/boot/spring-boot-test-autoconfigure/3.1.11/spring-boot-test-autoconfigure-3.1.11.jar:/home/madhubabukukkuluri/.m2/repository/com/jayway/jsonpath/json-path/2.9.0/json-path-2.9.0.jar:/home/madhubabukukkuluri/.m2/repository/org/slf4j/slf4j-api/2.0.13/slf4j-api-2.0.13.jar:/home/madhubabukukkuluri/.m2/repository/jakarta/xml/bind/jakarta.xml.bind-api/4.0.2/jakarta.xml.bind-api-4.0.2.jar:/home/madhubabukukkuluri/.m2/repository/jakarta/activation/jakarta.activation-api/2.1.3/jakarta.activation-api-2.1.3.jar:/home/madhubabukukkuluri/.m2/repository/net/minidev/json-smart/2.4.11/json-smart-2.4.11.jar:/home/madhubabukukkuluri/.m2/repository/net/minidev/accessors-smart/2.4.11/accessors-smart-2.4.11.jar:/home/madhubabukukkuluri/.m2/repository/org/ow2/asm/asm/9.3/asm-9.3.jar:/home/madhubabukukkuluri/.m2/repository/org/assertj/assertj-core/3.24.2/assertj-core-3.24.2.jar:/home/madhubabukukkuluri/.m2/repository/net/bytebuddy/byte-buddy/1.14.13/byte-buddy-1.14.13.jar:/home/madhubabukukkuluri/.m2/repository/org/hamcrest/hamcrest/2.2/hamcrest-2.2.jar:/home/madhubabukukkuluri/.m2/repository/org/junit/jupiter/junit-jupiter/5.9.3/junit-jupiter-5.9.3.jar:/home/madhubabukukkuluri/.m2/repository/org/junit/jupiter/junit-jupiter-api/5.9.3/junit-jupiter-api-5.9.3.jar:/home/madhubabukukkuluri/.m2/repository/org/opentest4j/opentest4j/1.2.0/opentest4j-1.2.0.jar:/home/madhubabukukkuluri/.m2/repository/org/junit/platform/junit-platform-commons/1.9.3/junit-platform-commons-1.9.3.jar:/home/madhubabukukkuluri/.m2/repository/org/apiguardian/apiguardian-api/1.1.2/apiguardian-api-1.1.2.jar:/home/madhubabukukkuluri/.m2/repository/org/junit/jupiter/junit-jupiter-params/5.9.3/junit-jupiter-params-5.9.3.jar:/home/madhubabukukkuluri/.m2/repository/org/junit/jupiter/junit-jupiter-engine/5.9.3/junit-jupiter-engine-5.9.3.jar:/home/madhubabukukkuluri/.m2/repository/org/junit/platform/junit-platform-engine/1.9.3/junit-platform-engine-1.9.3.jar:/home/madhubabukukkuluri/.m2/repository/org/mockito/mockito-core/5.3.1/mockito-core-5.3.1.jar:/home/madhubabukukkuluri/.m2/repository/net/bytebuddy/byte-buddy-agent/1.14.13/byte-buddy-agent-1.14.13.jar:/home/madhubabukukkuluri/.m2/repository/org/objenesis/objenesis/3.3/objenesis-3.3.jar:/home/madhubabukukkuluri/.m2/repository/org/mockito/mockito-junit-jupiter/5.3.1/mockito-junit-jupiter-5.3.1.jar:/home/madhubabukukkuluri/.m2/repository/org/skyscreamer/jsonassert/1.5.1/jsonassert-1.5.1.jar:/home/madhubabukukkuluri/.m2/repository/com/vaadin/external/google/android-json/0.0.20131108.vaadin1/android-json-0.0.20131108.vaadin1.jar:/home/madhubabukukkuluri/.m2/repository/org/springframework/spring-core/6.0.19/spring-core-6.0.19.jar:/home/madhubabukukkuluri/.m2/repository/org/springframework/spring-jcl/6.0.19/spring-jcl-6.0.19.jar:/home/madhubabukukkuluri/.m2/repository/org/springframework/spring-test/6.0.19/spring-test-6.0.19.jar:/home/madhubabukukkuluri/.m2/repository/org/xmlunit/xmlunit-core/2.9.1/xmlunit-core-2.9.1.jar:"/>
    <property name="java.vm.vendor" value="Private Build"/>
    <property name="sun.arch.data.model" value="64"/>
    <property name="java.vendor.url" value="Unknown"/>
    <property name="user.timezone" value="Asia/Kolkata"/>
    <property name="os.name" value="Linux"/>
    <property name="java.vm.specification.version" value="17"/>
    <property name="sun.java.launcher" value="SUN_STANDARD"/>
    <property name="user.country" value="IN"/>
    <property name="sun.boot.library.path" value="/usr/lib/jvm/java-17-openjdk-amd64/lib"/>
    <property name="sun.java.command" value="/home/madhubabukukkuluri/Downloads/abuse-masker/target/surefire/surefirebooter-20240516171746872_3.jar /home/madhubabukukkuluri/Downloads/abuse-masker/target/surefire 2024-05-16T17-17-46_784-jvmRun1 surefire-20240516171746872_1tmp surefire_0-20240516171746872_2tmp"/>
    <property name="jdk.debug" value="release"/>
    <property name="surefire.test.class.path" value="/home/madhubabukukkuluri/Downloads/abuse-masker/target/test-classes:/home/madhubabukukkuluri/Downloads/abuse-masker/target/classes:/home/madhubabukukkuluri/.m2/repository/org/springframework/boot/spring-boot-starter-websocket/3.1.11/spring-boot-starter-websocket-3.1.11.jar:/home/madhubabukukkuluri/.m2/repository/org/springframework/boot/spring-boot-starter-web/3.1.11/spring-boot-starter-web-3.1.11.jar:/home/madhubabukukkuluri/.m2/repository/org/springframework/boot/spring-boot-starter-json/3.1.11/spring-boot-starter-json-3.1.11.jar:/home/madhubabukukkuluri/.m2/repository/com/fasterxml/jackson/core/jackson-databind/2.15.4/jackson-databind-2.15.4.jar:/home/madhubabukukkuluri/.m2/repository/com/fasterxml/jackson/core/jackson-annotations/2.15.4/jackson-annotations-2.15.4.jar:/home/madhubabukukkuluri/.m2/repository/com/fasterxml/jackson/core/jackson-core/2.15.4/jackson-core-2.15.4.jar:/home/madhubabukukkuluri/.m2/repository/com/fasterxml/jackson/datatype/jackson-datatype-jdk8/2.15.4/jackson-datatype-jdk8-2.15.4.jar:/home/madhubabukukkuluri/.m2/repository/com/fasterxml/jackson/datatype/jackson-datatype-jsr310/2.15.4/jackson-datatype-jsr310-2.15.4.jar:/home/madhubabukukkuluri/.m2/repository/com/fasterxml/jackson/module/jackson-module-parameter-names/2.15.4/jackson-module-parameter-names-2.15.4.jar:/home/madhubabukukkuluri/.m2/repository/org/springframework/boot/spring-boot-starter-tomcat/3.1.11/spring-boot-starter-tomcat-3.1.11.jar:/home/madhubabukukkuluri/.m2/repository/org/apache/tomcat/embed/tomcat-embed-core/10.1.20/tomcat-embed-core-10.1.20.jar:/home/madhubabukukkuluri/.m2/repository/org/apache/tomcat/embed/tomcat-embed-el/10.1.20/tomcat-embed-el-10.1.20.jar:/home/madhubabukukkuluri/.m2/repository/org/apache/tomcat/embed/tomcat-embed-websocket/10.1.20/tomcat-embed-websocket-10.1.20.jar:/home/madhubabukukkuluri/.m2/repository/org/springframework/spring-web/6.0.19/spring-web-6.0.19.jar:/home/madhubabukukkuluri/.m2/repository/io/micrometer/micrometer-observation/1.11.11/micrometer-observation-1.11.11.jar:/home/madhubabukukkuluri/.m2/repository/io/micrometer/micrometer-commons/1.11.11/micrometer-commons-1.11.11.jar:/home/madhubabukukkuluri/.m2/repository/org/springframework/spring-webmvc/6.0.19/spring-webmvc-6.0.19.jar:/home/madhubabukukkuluri/.m2/repository/org/springframework/spring-aop/6.0.19/spring-aop-6.0.19.jar:/home/madhubabukukkuluri/.m2/repository/org/springframework/spring-expression/6.0.19/spring-expression-6.0.19.jar:/home/madhubabukukkuluri/.m2/repository/org/springframework/spring-messaging/6.0.19/spring-messaging-6.0.19.jar:/home/madhubabukukkuluri/.m2/repository/org/springframework/spring-beans/6.0.19/spring-beans-6.0.19.jar:/home/madhubabukukkuluri/.m2/repository/org/springframework/spring-websocket/6.0.19/spring-websocket-6.0.19.jar:/home/madhubabukukkuluri/.m2/repository/org/springframework/spring-context/6.0.19/spring-context-6.0.19.jar:/home/madhubabukukkuluri/.m2/repository/org/springframework/boot/spring-boot-starter-reactor-netty/3.1.11/spring-boot-starter-reactor-netty-3.1.11.jar:/home/madhubabukukkuluri/.m2/repository/io/projectreactor/netty/reactor-netty-http/1.1.18/reactor-netty-http-1.1.18.jar:/home/madhubabukukkuluri/.m2/repository/io/netty/netty-codec-http/4.1.109.Final/netty-codec-http-4.1.109.Final.jar:/home/madhubabukukkuluri/.m2/repository/io/netty/netty-common/4.1.109.Final/netty-common-4.1.109.Final.jar:/home/madhubabukukkuluri/.m2/repository/io/netty/netty-buffer/4.1.109.Final/netty-buffer-4.1.109.Final.jar:/home/madhubabukukkuluri/.m2/repository/io/netty/netty-transport/4.1.109.Final/netty-transport-4.1.109.Final.jar:/home/madhubabukukkuluri/.m2/repository/io/netty/netty-codec/4.1.109.Final/netty-codec-4.1.109.Final.jar:/home/madhubabukukkuluri/.m2/repository/io/netty/netty-handler/4.1.109.Final/netty-handler-4.1.109.Final.jar:/home/madhubabukukkuluri/.m2/repository/io/netty/netty-codec-http2/4.1.109.Final/netty-codec-http2-4.1.109.Final.jar:/home/madhubabukukkuluri/.m2/repository/io/netty/netty-resolver-dns/4.1.109.Final/netty-resolver-dns-4.1.109.Final.jar:/home/madhubabukukkuluri/.m2/repository/io/netty/netty-resolver/4.1.109.Final/netty-resolver-4.1.109.Final.jar:/home/madhubabukukkuluri/.m2/repository/io/netty/netty-codec-dns/4.1.109.Final/netty-codec-dns-4.1.109.Final.jar:/home/madhubabukukkuluri/.m2/repository/io/netty/netty-resolver-dns-native-macos/4.1.109.Final/netty-resolver-dns-native-macos-4.1.109.Final-osx-x86_64.jar:/home/madhubabukukkuluri/.m2/repository/io/netty/netty-resolver-dns-classes-macos/4.1.109.Final/netty-resolver-dns-classes-macos-4.1.109.Final.jar:/home/madhubabukukkuluri/.m2/repository/io/netty/netty-transport-native-epoll/4.1.109.Final/netty-transport-native-epoll-4.1.109.Final-linux-x86_64.jar:/home/madhubabukukkuluri/.m2/repository/io/netty/netty-transport-native-unix-common/4.1.109.Final/netty-transport-native-unix-common-4.1.109.Final.jar:/home/madhubabukukkuluri/.m2/repository/io/netty/netty-transport-classes-epoll/4.1.109.Final/netty-transport-classes-epoll-4.1.109.Final.jar:/home/madhubabukukkuluri/.m2/repository/io/projectreactor/netty/reactor-netty-core/1.1.18/reactor-netty-core-1.1.18.jar:/home/madhubabukukkuluri/.m2/repository/io/netty/netty-handler-proxy/4.1.109.Final/netty-handler-proxy-4.1.109.Final.jar:/home/madhubabukukkuluri/.m2/repository/io/netty/netty-codec-socks/4.1.109.Final/netty-codec-socks-4.1.109.Final.jar:/home/madhubabukukkuluri/.m2/repository/io/projectreactor/reactor-core/3.5.16/reactor-core-3.5.16.jar:/home/madhubabukukkuluri/.m2/repository/org/reactivestreams/reactive-streams/1.0.4/reactive-streams-1.0.4.jar:/home/madhubabukukkuluri/.m2/repository/org/projectlombok/lombok/1.18.32/lombok-1.18.32.jar:/home/madhubabukukkuluri/.m2/repository/org/springframework/boot/spring-boot-starter-test/3.1.11/spring-boot-starter-test-3.1.11.jar:/home/madhubabukukkuluri/.m2/repository/org/springframework/boot/spring-boot-starter/3.1.11/spring-boot-starter-3.1.11.jar:/home/madhubabukukkuluri/.m2/repository/org/springframework/boot/spring-boot/3.1.11/spring-boot-3.1.11.jar:/home/madhubabukukkuluri/.m2/repository/org/springframework/boot/spring-boot-autoconfigure/3.1.11/spring-boot-autoconfigure-3.1.11.jar:/home/madhubabukukkuluri/.m2/repository/org/springframework/boot/spring-boot-starter-logging/3.1.11/spring-boot-starter-logging-3.1.11.jar:/home/madhubabukukkuluri/.m2/repository/ch/qos/logback/logback-classic/1.4.14/logback-classic-1.4.14.jar:/home/madhubabukukkuluri/.m2/repository/ch/qos/logback/logback-core/1.4.14/logback-core-1.4.14.jar:/home/madhubabukukkuluri/.m2/repository/org/apache/logging/log4j/log4j-to-slf4j/2.20.0/log4j-to-slf4j-2.20.0.jar:/home/madhubabukukkuluri/.m2/repository/org/apache/logging/log4j/log4j-api/2.20.0/log4j-api-2.20.0.jar:/home/madhubabukukkuluri/.m2/repository/org/slf4j/jul-to-slf4j/2.0.13/jul-to-slf4j-2.0.13.jar:/home/madhubabukukkuluri/.m2/repository/jakarta/annotation/jakarta.annotation-api/2.1.1/jakarta.annotation-api-2.1.1.jar:/home/madhubabukukkuluri/.m2/repository/org/yaml/snakeyaml/1.33/snakeyaml-1.33.jar:/home/madhubabukukkuluri/.m2/repository/org/springframework/boot/spring-boot-test/3.1.11/spring-boot-test-3.1.11.jar:/home/madhubabukukkuluri/.m2/repository/org/springframework/boot/spring-boot-test-autoconfigure/3.1.11/spring-boot-test-autoconfigure-3.1.11.jar:/home/madhubabukukkuluri/.m2/repository/com/jayway/jsonpath/json-path/2.9.0/json-path-2.9.0.jar:/home/madhubabukukkuluri/.m2/repository/org/slf4j/slf4j-api/2.0.13/slf4j-api-2.0.13.jar:/home/madhubabukukkuluri/.m2/repository/jakarta/xml/bind/jakarta.xml.bind-api/4.0.2/jakarta.xml.bind-api-4.0.2.jar:/home/madhubabukukkuluri/.m2/repository/jakarta/activation/jakarta.activation-api/2.1.3/jakarta.activation-api-2.1.3.jar:/home/madhubabukukkuluri/.m2/repository/net/minidev/json-smart/2.4.11/json-smart-2.4.11.jar:/home/madhubabukukkuluri/.m2/repository/net/minidev/accessors-smart/2.4.11/accessors-smart-2.4.11.jar:/home/madhubabukukkuluri/.m2/repository/org/ow2/asm/asm/9.3/asm-9.3.jar:/home/madhubabukukkuluri/.m2/repository/org/assertj/assertj-core/3.24.2/assertj-core-3.24.2.jar:/home/madhubabukukkuluri/.m2/repository/net/bytebuddy/byte-buddy/1.14.13/byte-buddy-1.14.13.jar:/home/madhubabukukkuluri/.m2/repository/org/hamcrest/hamcrest/2.2/hamcrest-2.2.jar:/home/madhubabukukkuluri/.m2/repository/org/junit/jupiter/junit-jupiter/5.9.3/junit-jupiter-5.9.3.jar:/home/madhubabukukkuluri/.m2/repository/org/junit/jupiter/junit-jupiter-api/5.9.3/junit-jupiter-api-5.9.3.jar:/home/madhubabukukkuluri/.m2/repository/org/opentest4j/opentest4j/1.2.0/opentest4j-1.2.0.jar:/home/madhubabukukkuluri/.m2/repository/org/junit/platform/junit-platform-commons/1.9.3/junit-platform-commons-1.9.3.jar:/home/madhubabukukkuluri/.m2/repository/org/apiguardian/apiguardian-api/1.1.2/apiguardian-api-1.1.2.jar:/home/madhubabukukkuluri/.m2/repository/org/junit/jupiter/junit-jupiter-params/5.9.3/junit-jupiter-params-5.9.3.jar:/home/madhubabukukkuluri/.m2/repository/org/junit/jupiter/junit-jupiter-engine/5.9.3/junit-jupiter-engine-5.9.3.jar:/home/madhubabukukkuluri/.m2/repository/org/junit/platform/junit-platform-engine/1.9.3/junit-platform-engine-1.9.3.jar:/home/madhubabukukkuluri/.m2/repository/org/mockito/mockito-core/5.3.1/mockito-core-5.3.1.jar:/home/madhubabukukkuluri/.m2/repository/net/bytebuddy/byte-buddy-agent/1.14.13/byte-buddy-agent-1.14.13.jar:/home/madhubabukukkuluri/.m2/repository/org/objenesis/objenesis/3.3/objenesis-3.3.jar:/home/madhubabukukkuluri/.m2/repository/org/mockito/mockito-junit-jupiter/5.3.1/mockito-junit-jupiter-5.3.1.jar:/home/madhubabukukkuluri/.m2/repository/org/skyscreamer/jsonassert/1.5.1/jsonassert-1.5.1.jar:/home/madhubabukukkuluri/.m2/repository/com/vaadin/external/google/android-json/0.0.20131108.vaadin1/android-json-0.0.20131108.vaadin1.jar:/home/madhubabukukkuluri/.m2/repository/org/springframework/spring-core/6.0.19/spring-core-6.0.19.jar:/home/madhubabukukkuluri/.m2/repository/org/springframework/spring-jcl/6.0.19/spring-jcl-6.0.19.jar:/home/madhubabukukkuluri/.m2/repository/org/springframework/spring-test/6.0.19/spring-test-6.0.19.jar:/home/madhubabukukkuluri/.m2/repository/org/xmlunit/xmlunit-core/2.9.1/xmlunit-core-2.9.1.jar:"/>
    <property name="sun.cpu.endian" value="little"/>
    <property name="user.home" value="/home/madhubabukukkuluri"/>
    <property name="user.language" value="en"/>
    <property name="java.specification.vendor" value="Oracle Corporation"/>
    <property name="java.version.date" value="2024-01-16"/>
    <property name="java.home" value="/usr/lib/jvm/java-17-openjdk-amd64"/>
    <property name="file.separator" value="/"/>
    <property name="basedir" value="/home/madhubabukukkuluri/Downloads/abuse-masker"/>
    <property name="java.vm.compressedOopsMode" value="Zero based"/>
    <property name="line.separator" value="&#10;"/>
    <property name="java.specification.name" value="Java Platform API Specification"/>
    <property name="java.vm.specification.vendor" value="Oracle Corporation"/>
    <property name="FILE_LOG_CHARSET" value="UTF-8"/>
    <property name="java.awt.headless" value="true"/>
    <property name="surefire.real.class.path" value="/home/madhubabukukkuluri/Downloads/abuse-masker/target/surefire/surefirebooter-20240516171746872_3.jar"/>
    <property name="sun.management.compiler" value="HotSpot 64-Bit Tiered Compilers"/>
    <property name="java.runtime.version" value="17.0.10+7-Ubuntu-120.04.1"/>
    <property name="user.name" value="madhubabukukkuluri"/>
    <property name="path.separator" value=":"/>
    <property name="os.version" value="5.15.0-107-generic"/>
    <property name="java.runtime.name" value="OpenJDK Runtime Environment"/>
    <property name="file.encoding" value="UTF-8"/>
    <property name="java.vm.name" value="OpenJDK 64-Bit Server VM"/>
    <property name="localRepository" value="/home/madhubabukukkuluri/.m2/repository"/>
    <property name="java.vendor.url.bug" value="Unknown"/>
    <property name="java.io.tmpdir" value="/tmp"/>
    <property name="java.version" value="17.0.10"/>
    <property name="user.dir" value="/home/madhubabukukkuluri/Downloads/abuse-masker"/>
    <property name="os.arch" value="amd64"/>
    <property name="java.vm.specification.name" value="Java Virtual Machine Specification"/>
    <property name="PID" value="81589"/>
    <property name="CONSOLE_LOG_CHARSET" value="UTF-8"/>
    <property name="native.encoding" value="UTF-8"/>
    <property name="java.library.path" value="/usr/java/packages/lib:/usr/lib/x86_64-linux-gnu/jni:/lib/x86_64-linux-gnu:/usr/lib/x86_64-linux-gnu:/usr/lib/jni:/lib:/usr/lib"/>
    <property name="java.vm.info" value="mixed mode, sharing"/>
    <property name="java.vendor" value="Private Build"/>
    <property name="java.vm.version" value="17.0.10+7-Ubuntu-120.04.1"/>
    <property name="sun.io.unicode.encoding" value="UnicodeLittle"/>
    <property name="java.class.version" value="61.0"/>
  </properties>
  <testcase name="contextLoads" classname="com.mychatapp.abusemasker.SpringBootAbuseMaskerApplicationTests" time="0.806">
    <system-out><![CDATA[17:17:47.513 [main] INFO org.springframework.test.context.support.AnnotationConfigContextLoaderUtils -- Could not detect default configuration classes for test class [com.mychatapp.abusemasker.SpringBootAbuseMaskerApplicationTests]: SpringBootAbuseMaskerApplicationTests does not declare any static, non-private, non-final, nested classes annotated with @Configuration.
17:17:47.604 [main] INFO org.springframework.boot.test.context.SpringBootTestContextBootstrapper -- Found @SpringBootConfiguration com.mychatapp.abusemasker.SpringBootAbuseMaskerApplication for test class com.mychatapp.abusemasker.SpringBootAbuseMaskerApplicationTests

  .   ____          _            __ _ _
 /\\ / ___'_ __ _ _(_)_ __  __ _ \ \ \ \
( ( )\___ | '_ | '_| | '_ \/ _` | \ \ \ \
 \\/  ___)| |_)| | | | | || (_| |  ) ) ) )
  '  |____| .__|_| |_|_| |_\__, | / / / /
 =========|_|==============|___/=/_/_/_/
 :: Spring Boot ::               (v3.1.11)

2024-05-16T17:17:47.963+05:30  INFO 81589 --- [           main] .a.SpringBootAbuseMaskerApplicationTests : Starting SpringBootAbuseMaskerApplicationTests using Java 17.0.10 with PID 81589 (started by madhubabukukkuluri in /home/madhubabukukkuluri/Downloads/abuse-masker)
2024-05-16T17:17:47.965+05:30  INFO 81589 --- [           main] .a.SpringBootAbuseMaskerApplicationTests : No active profile set, falling back to 1 default profile: "default"
2024-05-16T17:17:48.964+05:30  INFO 81589 --- [           main] o.s.b.a.w.s.WelcomePageHandlerMapping    : Adding welcome page: class path resource [static/index.html]
2024-05-16T17:17:49.072+05:30  INFO 81589 --- [           main] o.s.m.s.b.SimpleBrokerMessageHandler     : Starting...
2024-05-16T17:17:49.075+05:30  INFO 81589 --- [           main] o.s.m.s.b.SimpleBrokerMessageHandler     : BrokerAvailabilityEvent[available=true, SimpleBrokerMessageHandler [org.springframework.messaging.simp.broker.DefaultSubscriptionRegistry@6a9344f5]]
2024-05-16T17:17:49.076+05:30  INFO 81589 --- [           main] o.s.m.s.b.SimpleBrokerMessageHandler     : Started.
2024-05-16T17:17:49.085+05:30  INFO 81589 --- [           main] .a.SpringBootAbuseMaskerApplicationTests : Started SpringBootAbuseMaskerApplicationTests in 1.343 seconds (process running for 2.164)
Chat Application started
]]></system-out>
  </testcase>
</testsuite>